Build started 11/08/2017 9:28:06 p.m..
     1>Project "D:\用户目录\我的文档\GP\w03\GP2DFramework2017\Framework\Framework.vcxproj" on node 2 (Build target(s)).
     1>ClCompile:
         C:\Program Files\Microsoft Visual Studio 12.0\VC\bin\CL.exe /c /I"D:\用户目录\我的文档\GP\w03\GP2DFramework2017\\SDL\SDL2-2.0.5\include\\" /I"D:\用户目录\我的文档\GP\w03\GP2DFramework2017\\SDL\SDL2_image-2.0.1\include" /ZI /nologo /W3 /WX- /Od /Oy- /D WIN32 /D _DEBUG /D _WINDOWS /D _UNICODE /D UNICODE /Gm /EHsc /RTC1 /MDd /GS /fp:precise /Zc:wchar_t /Zc:forScope /Fo"Debug\\" /Fd"Debug\vc120.pdb" /Gd /TP /analyze- /errorReport:prompt game.cpp
         game.cpp
       Link:
         C:\Program Files\Microsoft Visual Studio 12.0\VC\bin\link.exe /ERRORREPORT:PROMPT /OUT:"D:\用户目录\我的文档\GP\w03\GP2DFramework2017\Debug\Framework.exe" /INCREMENTAL /NOLOGO /LIBPATH:"D:\用户目录\我的文档\GP\w03\GP2DFramework2017\\SDL\SDL2-2.0.5\lib\x86" /LIBPATH:"D:\用户目录\我的文档\GP\w03\GP2DFramework2017\\SDL\SDL2_image-2.0.1\lib\x86" SDL2.lib SDL2main.lib SDL2_image.lib kernel32.lib user32.lib gdi32.lib winspool.lib comdlg32.lib advapi32.lib shell32.lib ole32.lib oleaut32.lib uuid.lib odbc32.lib odbccp32.lib /MANIFEST /MANIFESTUAC:"level='asInvoker' uiAccess='false'" /manifest:embed /DEBUG /PDB:"D:\用户目录\我的文档\GP\w03\GP2DFramework2017\Debug\Framework.pdb" /SUBSYSTEM:WINDOWS /TLBID:1 /DYNAMICBASE /NXCOMPAT /IMPLIB:"D:\用户目录\我的文档\GP\w03\GP2DFramework2017\Debug\Framework.lib" /MACHINE:X86 Debug\backbuffer.obj
         Debug\bullet.obj
         Debug\enemy.obj
         Debug\entity.obj
         Debug\game.obj
         Debug\inputhandler.obj
         Debug\logmanager.obj
         Debug\main.obj
         Debug\playership.obj
         Debug\sprite.obj
         Debug\texture.obj
         Debug\texturemanager.obj
         Framework.vcxproj -> D:\用户目录\我的文档\GP\w03\GP2DFramework2017\Debug\Framework.exe
     1>Done Building Project "D:\用户目录\我的文档\GP\w03\GP2DFramework2017\Framework\Framework.vcxproj" (Build target(s)).

Build succeeded.

Time Elapsed 00:00:01.89
