c:\users\xfn\desktop\spaceinvaderclone\framework\debug\vc120.pdb
c:\users\xfn\desktop\spaceinvaderclone\framework\debug\vc120.idb
c:\users\xfn\desktop\spaceinvaderclone\framework\debug\backbuffer.obj
c:\users\xfn\desktop\spaceinvaderclone\framework\debug\playerbullet.obj
c:\users\xfn\desktop\spaceinvaderclone\framework\debug\enemy.obj
c:\users\xfn\desktop\spaceinvaderclone\framework\debug\enemybullet.obj
c:\users\xfn\desktop\spaceinvaderclone\framework\debug\entity.obj
c:\users\xfn\desktop\spaceinvaderclone\framework\debug\explosion.obj
c:\users\xfn\desktop\spaceinvaderclone\framework\debug\game.obj
c:\users\xfn\desktop\spaceinvaderclone\framework\debug\infopanel.obj
c:\users\xfn\desktop\spaceinvaderclone\framework\debug\inputhandler.obj
c:\users\xfn\desktop\spaceinvaderclone\framework\debug\logmanager.obj
c:\users\xfn\desktop\spaceinvaderclone\framework\debug\main.obj
c:\users\xfn\desktop\spaceinvaderclone\framework\debug\particle.obj
c:\users\xfn\desktop\spaceinvaderclone\framework\debug\particleemitter.obj
c:\users\xfn\desktop\spaceinvaderclone\framework\debug\playership.obj
c:\users\xfn\desktop\spaceinvaderclone\framework\debug\splashscreen.obj
c:\users\xfn\desktop\spaceinvaderclone\framework\debug\sprite.obj
c:\users\xfn\desktop\spaceinvaderclone\framework\debug\texttexture.obj
c:\users\xfn\desktop\spaceinvaderclone\framework\debug\texture.obj
c:\users\xfn\desktop\spaceinvaderclone\framework\debug\texturemanager.obj
c:\users\xfn\desktop\spaceinvaderclone\framework\debug\vector2d.obj
c:\users\xfn\desktop\spaceinvaderclone\framework\debug\animatedsprite.obj
c:\users\xfn\desktop\spaceinvaderclone\debug\framework.ilk
c:\users\xfn\desktop\spaceinvaderclone\debug\framework.exe
c:\users\xfn\desktop\spaceinvaderclone\debug\framework.pdb
c:\users\xfn\desktop\spaceinvaderclone\framework\debug\framework.tlog\cl.command.1.tlog
c:\users\xfn\desktop\spaceinvaderclone\framework\debug\framework.tlog\cl.read.1.tlog
c:\users\xfn\desktop\spaceinvaderclone\framework\debug\framework.tlog\cl.write.1.tlog
c:\users\xfn\desktop\spaceinvaderclone\framework\debug\framework.tlog\link.command.1.tlog
c:\users\xfn\desktop\spaceinvaderclone\framework\debug\framework.tlog\link.read.1.tlog
c:\users\xfn\desktop\spaceinvaderclone\framework\debug\framework.tlog\link.write.1.tlog
